
> storybook-apptium@0.0.0 build-storybook
> ng run storybook-apptium:build-storybook --output-dir=/var/folders/lp/h6kz9xd17jnglqt4blvlj59h0000gn/T/chromatic--76599-RaPOxeY0fUxT

[0m
[0m [0m [0m [0m [0m [0m [0m [0m [0m [0m [0m [0m [0m [0m [0m [0m [0m [0m [0m [0m [0m [0m [0m [0m [0m [0m [0m [0m [0m [0m [0m [0m [0m [0m [0m [0m [0m [0m [0m [0m [0m [0m [0m [0m [0m [0m [0m [0m [0m [0m [0m [0m [0m [0m [0m [0m [0m [0m [0m [48;5;255m [48;5;255m [0m [0m [0m [0m [0m [0m [0m [0m [0m [0m [0m [0m
[0m [0m [0m [0m [0m [0m [0m [0m [0m [0m [0m [0m [0m [0m [0m [0m [0m [0m [0m [0m [0m [0m [0m [0m [0m [0m [0m [0m [0m [0m [0m [0m [0m [0m [0m [0m [0m [0m [0m [0m [0m [0m [0m [0m [0m [0m [0m [0m [0m [0m [0m [0m [0m [0m [0m [0m [0m [0m [0m [48;5;255m [48;5;255m [0m [0m [0m [0m [0m [0m [0m [0m [0m [0m [0m [0m
[0m [0m [0m [0m [0m [0m [0m [0m [0m [0m [0m [0m [0m [0m [0m [0m [0m [0m [0m [0m [0m [0m [0m [0m [0m [0m [0m [0m [0m [0m [0m [0m [0m [0m [0m [0m [0m [0m [0m [0m [0m [0m [0m [0m [0m [0m [0m [0m [0m [0m [0m [0m [0m [0m [0m [0m [0m [0m [0m [48;5;255m [48;5;255m [0m [0m [0m [0m [0m [0m [0m [0m [0m [0m [0m [0m
[48;5;255m [48;5;255m [48;5;255m [48;5;255m [48;5;255m [48;5;255m [48;5;255m [0m [0m [48;5;255m [48;5;255m [48;5;255m [48;5;255m [48;5;255m [48;5;255m [48;5;255m [48;5;255m [0m [0m [48;5;255m [48;5;255m [48;5;255m [48;5;255m [48;5;255m [48;5;255m [48;5;255m [48;5;255m [48;5;255m [48;5;255m [48;5;255m [48;5;255m [0m [0m [48;5;255m [48;5;255m [48;5;255m [48;5;255m [48;5;255m [48;5;255m [48;5;255m [48;5;255m [0m [0m [48;5;255m [48;5;255m [48;5;255m [48;5;255m [48;5;255m [48;5;255m [48;5;255m [48;5;255m [0m [0m [48;5;255m [48;5;255m [48;5;255m [48;5;255m [48;5;255m [48;5;255m [48;5;255m [48;5;255m [0m [0m [48;5;255m [48;5;255m [48;5;255m [48;5;255m [48;5;255m [48;5;255m [48;5;255m [48;5;255m [0m [0m [48;5;255m [48;5;255m [48;5;255m [48;5;255m [48;5;255m [48;5;255m [48;5;255m [48;5;255m [0m
[48;5;255m [48;5;255m [0m [0m [0m [0m [0m [0m [0m [48;5;255m [48;5;255m [0m [0m [0m [0m [48;5;255m [48;5;255m [0m [0m [48;5;255m [48;5;255m [0m [0m [0m [48;5;255m [48;5;255m [0m [0m [0m [48;5;255m [48;5;255m [0m [0m [48;5;255m [48;5;255m [0m [0m [0m [0m [48;5;255m [48;5;255m [0m [0m [48;5;255m [48;5;255m [0m [0m [0m [0m [48;5;255m [48;5;255m [0m [0m [48;5;255m [48;5;255m [0m [0m [0m [0m [48;5;255m [48;5;255m [0m [0m [48;5;255m [48;5;255m [0m [0m [0m [0m [48;5;255m [48;5;255m [0m [0m [48;5;255m [48;5;255m [0m
[48;5;255m [48;5;255m [0m [0m [0m [0m [0m [0m [0m [48;5;255m [48;5;255m [0m [0m [0m [0m [48;5;255m [48;5;255m [0m [0m [48;5;255m [48;5;255m [0m [0m [0m [48;5;255m [48;5;255m [0m [0m [0m [48;5;255m [48;5;255m [0m [0m [48;5;255m [48;5;255m [0m [0m [0m [0m [48;5;255m [48;5;255m [0m [0m [48;5;255m [48;5;255m [0m [0m [0m [0m [48;5;255m [48;5;255m [0m [0m [48;5;255m [48;5;255m [0m [0m [0m [0m [48;5;255m [48;5;255m [0m [0m [48;5;255m [48;5;255m [0m [0m [0m [0m [48;5;255m [48;5;255m [0m [0m [48;5;255m [48;5;255m [0m
[48;5;255m [48;5;255m [0m [0m [0m [0m [0m [0m [0m [48;5;255m [48;5;255m [0m [0m [0m [0m [48;5;255m [48;5;255m [0m [0m [48;5;255m [48;5;255m [0m [0m [0m [48;5;255m [48;5;255m [0m [0m [0m [48;5;255m [48;5;255m [0m [0m [48;5;255m [48;5;255m [0m [0m [0m [0m [48;5;255m [48;5;255m [0m [0m [48;5;255m [48;5;255m [0m [0m [0m [0m [48;5;255m [48;5;255m [0m [0m [48;5;255m [48;5;255m [0m [0m [0m [0m [48;5;255m [48;5;255m [0m [0m [48;5;255m [48;5;255m [0m [0m [0m [0m [48;5;255m [48;5;255m [0m [0m [48;5;255m [48;5;255m [0m
[48;5;255m [48;5;255m [48;5;255m [48;5;255m [48;5;255m [48;5;255m [48;5;255m [0m [0m [48;5;255m [48;5;255m [48;5;255m [48;5;255m [48;5;255m [48;5;255m [48;5;255m [48;5;255m [0m [0m [48;5;255m [48;5;255m [0m [0m [0m [48;5;255m [48;5;255m [0m [0m [0m [48;5;255m [48;5;255m [0m [0m [48;5;255m [48;5;255m [48;5;255m [48;5;255m [48;5;255m [48;5;255m [48;5;255m [48;5;255m [0m [0m [48;5;255m [48;5;255m [48;5;255m [48;5;255m [48;5;255m [48;5;255m [48;5;255m [48;5;255m [0m [0m [48;5;255m [48;5;255m [48;5;255m [48;5;255m [48;5;255m [48;5;255m [48;5;255m [48;5;255m [0m [0m [48;5;255m [48;5;255m [48;5;255m [48;5;255m [48;5;255m [48;5;255m [48;5;255m [48;5;255m [0m [0m [48;5;255m [48;5;255m [48;5;255m [48;5;255m [48;5;255m [48;5;255m [48;5;255m [48;5;255m [0m
[0m [0m [0m [0m [0m [0m [0m [0m [0m [0m [0m [0m [0m [0m [0m [0m [0m [0m [0m [0m [0m [0m [0m [0m [0m [0m [0m [0m [0m [0m [0m [0m [0m [48;5;255m [48;5;255m [0m [0m [0m [0m [0m [0m [0m [0m [0m [0m [0m [0m
[0m [0m [0m [0m [0m [0m [0m [0m [0m [0m [0m [0m [0m [0m [0m [0m [0m [0m [0m [0m [0m [0m [0m [0m [0m [0m [0m [0m [0m [0m [0m [0m [0m [48;5;255m [48;5;255m [0m [0m [0m [0m [0m [0m [0m [0m [0m [0m [0m [0m
[0m [0m [0m [0m [0m [0m [0m [0m [0m [0m [0m [0m [0m [0m [0m [0m [0m [0m [0m [0m [0m [0m [0m [0m [0m [0m [0m [0m [0m [0m [0m [0m [0m [48;5;255m [48;5;255m [0m [0m [0m [0m [0m [0m [0m [0m [0m [0m [0m [0m

1.2.1

TypeScript version used by Compodoc : 5.9.2

TypeScript version of current project : 5.4.2

Node.js version : v20.20.0

Operating system : macOS Unknown

[10:36:14] [33mNo configuration file found, switching to CLI flags.[39m
[10:36:14] [32mUsing tsconfig file : /Users/keertihegde/POC Projects/Karl/uilib/tsconfig.json[39m
[10:36:14] [33mExcluding      : /Users/keertihegde/POC Projects/Karl/uilib/src/favicon.ico[39m
[10:36:14] [33mExcluding      : /Users/keertihegde/POC Projects/Karl/uilib/src/index.html[39m
[10:36:14] [36mIncluding      : /Users/keertihegde/POC Projects/Karl/uilib/src/main.server.ts[39m
[10:36:14] [36mIncluding      : /Users/keertihegde/POC Projects/Karl/uilib/src/main.ts[39m
[10:36:14] [36mIncluding      : /Users/keertihegde/POC Projects/Karl/uilib/.storybook/main.ts[39m
[10:36:14] [36mIncluding      : /Users/keertihegde/POC Projects/Karl/uilib/.storybook/manager.ts[39m
[10:36:14] [33mExcluding      : /Users/keertihegde/POC Projects/Karl/uilib/.storybook/preview-head.html[39m
[10:36:14] [36mIncluding      : /Users/keertihegde/POC Projects/Karl/uilib/.storybook/preview.ts[39m
[10:36:14] [33mExcluding      : /Users/keertihegde/POC Projects/Karl/uilib/src/app/app.component.html[39m
[10:36:14] [33mExcluding      : /Users/keertihegde/POC Projects/Karl/uilib/src/app/app.component.scss[39m
[10:36:14] [36mIncluding      : /Users/keertihegde/POC Projects/Karl/uilib/src/app/app.component.ts[39m
[10:36:14] [36mIncluding      : /Users/keertihegde/POC Projects/Karl/uilib/src/app/app.config.server.ts[39m
[10:36:14] [36mIncluding      : /Users/keertihegde/POC Projects/Karl/uilib/src/app/app.config.ts[39m
[10:36:14] [33mExcluding      : /Users/keertihegde/POC Projects/Karl/uilib/src/stories/Configure.mdx[39m
[10:36:14] [36mIncluding      : /Users/keertihegde/POC Projects/Karl/uilib/src/stories/user.ts[39m
[10:36:14] [33mExcluding      : /Users/keertihegde/POC Projects/Karl/uilib/src/styles/_colors.scss[39m
[10:36:14] [33mExcluding      : /Users/keertihegde/POC Projects/Karl/uilib/src/styles/_numbers.scss[39m
[10:36:14] [33mExcluding      : /Users/keertihegde/POC Projects/Karl/uilib/src/styles/_primitives.scss[39m
[10:36:14] [33mExcluding      : /Users/keertihegde/POC Projects/Karl/uilib/src/styles/_typography.scss[39m
[10:36:14] [33mExcluding      : /Users/keertihegde/POC Projects/Karl/uilib/src/styles/styles.scss[39m
[10:36:14] [33mExcluding      : /Users/keertihegde/POC Projects/Karl/uilib/src/assets/icons/README.md[39m
[10:36:14] [33mExcluding      : /Users/keertihegde/POC Projects/Karl/uilib/src/assets/icons/default-left.svg[39m
[10:36:14] [33mExcluding      : /Users/keertihegde/POC Projects/Karl/uilib/src/assets/icons/default-right.svg[39m
[10:36:14] [33mExcluding      : /Users/keertihegde/POC Projects/Karl/uilib/src/assets/icons/icon-add.svg[39m
[10:36:14] [33mExcluding      : /Users/keertihegde/POC Projects/Karl/uilib/src/assets/icons/icon-building.svg[39m
[10:36:14] [33mExcluding      : /Users/keertihegde/POC Projects/Karl/uilib/src/assets/icons/icon-check.svg[39m
[10:36:14] [33mExcluding      : /Users/keertihegde/POC Projects/Karl/uilib/src/assets/icons/icon-chevron-right.svg[39m
[10:36:14] [33mExcluding      : /Users/keertihegde/POC Projects/Karl/uilib/src/assets/icons/icon-search.svg[39m
[10:36:14] [36mIncluding      : /Users/keertihegde/POC Projects/Karl/uilib/src/stories/Actionbar/actionbar.component.ts[39m
[10:36:14] [33mExcluding      : /Users/keertihegde/POC Projects/Karl/uilib/src/stories/Actionbar/actionbar.scss[39m
[10:36:14] [36mIncluding      : /Users/keertihegde/POC Projects/Karl/uilib/src/stories/Actionbar/actionbar.stories.ts[39m
[10:36:14] [36mIncluding      : /Users/keertihegde/POC Projects/Karl/uilib/src/stories/Alert/alert.component.ts[39m
[10:36:14] [33mExcluding      : /Users/keertihegde/POC Projects/Karl/uilib/src/stories/Alert/alert.scss[39m
[10:36:14] [36mIncluding      : /Users/keertihegde/POC Projects/Karl/uilib/src/stories/Alert/alert.stories.ts[39m
[10:36:14] [36mIncluding      : /Users/keertihegde/POC Projects/Karl/uilib/src/stories/Avatar/avatar-group.component.ts[39m
[10:36:14] [33mExcluding      : /Users/keertihegde/POC Projects/Karl/uilib/src/stories/Avatar/avatar-group.scss[39m
[10:36:14] [36mIncluding      : /Users/keertihegde/POC Projects/Karl/uilib/src/stories/Avatar/avatar-group.stories.ts[39m
[10:36:14] [36mIncluding      : /Users/keertihegde/POC Projects/Karl/uilib/src/stories/Avatar/avatar.component.ts[39m
[10:36:14] [33mExcluding      : /Users/keertihegde/POC Projects/Karl/uilib/src/stories/Avatar/avatar.scss[39m
[10:36:14] [36mIncluding      : /Users/keertihegde/POC Projects/Karl/uilib/src/stories/Avatar/avatar.stories.ts[39m
[10:36:14] [36mIncluding      : /Users/keertihegde/POC Projects/Karl/uilib/src/stories/Badge/badge.component.ts[39m
[10:36:14] [33mExcluding      : /Users/keertihegde/POC Projects/Karl/uilib/src/stories/Badge/badge.scss[39m
[10:36:14] [36mIncluding      : /Users/keertihegde/POC Projects/Karl/uilib/src/stories/Badge/badge.stories.ts[39m
[10:36:14] [36mIncluding      : /Users/keertihegde/POC Projects/Karl/uilib/src/stories/BadgeIndicator/badge-indicator.component.ts[39m
[10:36:14] [33mExcluding      : /Users/keertihegde/POC Projects/Karl/uilib/src/stories/BadgeIndicator/badge-indicator.scss[39m
[10:36:14] [36mIncluding      : /Users/keertihegde/POC Projects/Karl/uilib/src/stories/BadgeIndicator/badge-indicator.stories.ts[39m
[10:36:14] [36mIncluding      : /Users/keertihegde/POC Projects/Karl/uilib/src/stories/Banner/banner.component.ts[39m
[10:36:14] [33mExcluding      : /Users/keertihegde/POC Projects/Karl/uilib/src/stories/Banner/banner.scss[39m
[10:36:14] [36mIncluding      : /Users/keertihegde/POC Projects/Karl/uilib/src/stories/Banner/banner.stories.ts[39m
[10:36:14] [36mIncluding      : /Users/keertihegde/POC Projects/Karl/uilib/src/stories/Breadcrumb/breadcrumb.component.ts[39m
[10:36:14] [33mExcluding      : /Users/keertihegde/POC Projects/Karl/uilib/src/stories/Breadcrumb/breadcrumb.scss[39m
[10:36:14] [36mIncluding      : /Users/keertihegde/POC Projects/Karl/uilib/src/stories/Breadcrumb/breadcrumb.stories.ts[39m
[10:36:14] [36mIncluding      : /Users/keertihegde/POC Projects/Karl/uilib/src/stories/Buttons/button.component.ts[39m
[10:36:14] [33mExcluding      : /Users/keertihegde/POC Projects/Karl/uilib/src/stories/Buttons/button.scss[39m
[10:36:14] [36mIncluding      : /Users/keertihegde/POC Projects/Karl/uilib/src/stories/Buttons/button.stories.ts[39m
[10:36:14] [36mIncluding      : /Users/keertihegde/POC Projects/Karl/uilib/src/stories/Checkbox/checkbox-group.component.ts[39m
[10:36:14] [36mIncluding      : /Users/keertihegde/POC Projects/Karl/uilib/src/stories/Checkbox/checkbox-group.stories.ts[39m
[10:36:14] [36mIncluding      : /Users/keertihegde/POC Projects/Karl/uilib/src/stories/Checkbox/checkbox.component.ts[39m
[10:36:14] [33mExcluding      : /Users/keertihegde/POC Projects/Karl/uilib/src/stories/Checkbox/checkbox.scss[39m
[10:36:14] [36mIncluding      : /Users/keertihegde/POC Projects/Karl/uilib/src/stories/Checkbox/checkbox.stories.ts[39m
[10:36:14] [36mIncluding      : /Users/keertihegde/POC Projects/Karl/uilib/src/stories/ColumnManager/column-manager.component.ts[39m
[10:36:14] [33mExcluding      : /Users/keertihegde/POC Projects/Karl/uilib/src/stories/ColumnManager/column-manager.scss[39m
[10:36:14] [36mIncluding      : /Users/keertihegde/POC Projects/Karl/uilib/src/stories/ColumnManager/column-manager.stories.ts[39m
[10:36:14] [36mIncluding      : /Users/keertihegde/POC Projects/Karl/uilib/src/stories/Combobox/combobox.component.ts[39m
[10:36:14] [33mExcluding      : /Users/keertihegde/POC Projects/Karl/uilib/src/stories/Combobox/combobox.scss[39m
[10:36:14] [36mIncluding      : /Users/keertihegde/POC Projects/Karl/uilib/src/stories/Combobox/combobox.stories.ts[39m
[10:36:14] [36mIncluding      : /Users/keertihegde/POC Projects/Karl/uilib/src/stories/DatePicker/datepicker.component.ts[39m
[10:36:14] [33mExcluding      : /Users/keertihegde/POC Projects/Karl/uilib/src/stories/DatePicker/datepicker.scss[39m
[10:36:14] [36mIncluding      : /Users/keertihegde/POC Projects/Karl/uilib/src/stories/DatePicker/datepicker.stories.ts[39m
[10:36:14] [36mIncluding      : /Users/keertihegde/POC Projects/Karl/uilib/src/stories/DatePicker/daterangepicker.component.ts[39m
[10:36:14] [33mExcluding      : /Users/keertihegde/POC Projects/Karl/uilib/src/stories/DatePicker/daterangepicker.scss[39m
[10:36:14] [36mIncluding      : /Users/keertihegde/POC Projects/Karl/uilib/src/stories/DatePicker/daterangepicker.stories.ts[39m
[10:36:14] [36mIncluding      : /Users/keertihegde/POC Projects/Karl/uilib/src/stories/DatePicker/monthpicker.component.ts[39m
[10:36:14] [33mExcluding      : /Users/keertihegde/POC Projects/Karl/uilib/src/stories/DatePicker/monthpicker.scss[39m
[10:36:14] [36mIncluding      : /Users/keertihegde/POC Projects/Karl/uilib/src/stories/DatePicker/monthpicker.stories.ts[39m
[10:36:14] [36mIncluding      : /Users/keertihegde/POC Projects/Karl/uilib/src/stories/DescriptionList/description-item.component.ts[39m
[10:36:14] [33mExcluding      : /Users/keertihegde/POC Projects/Karl/uilib/src/stories/DescriptionList/description-item.scss[39m
[10:36:14] [36mIncluding      : /Users/keertihegde/POC Projects/Karl/uilib/src/stories/DescriptionList/description-list.component.ts[39m
[10:36:14] [33mExcluding      : /Users/keertihegde/POC Projects/Karl/uilib/src/stories/DescriptionList/description-list.scss[39m
[10:36:14] [36mIncluding      : /Users/keertihegde/POC Projects/Karl/uilib/src/stories/DescriptionList/description-list.stories.ts[39m
[10:36:14] [36mIncluding      : /Users/keertihegde/POC Projects/Karl/uilib/src/stories/DialogueBox/dialogue-box.component.ts[39m
[10:36:14] [33mExcluding      : /Users/keertihegde/POC Projects/Karl/uilib/src/stories/DialogueBox/dialogue-box.scss[39m
[10:36:14] [36mIncluding      : /Users/keertihegde/POC Projects/Karl/uilib/src/stories/DialogueBox/dialogue-box.stories.ts[39m
[10:36:14] [36mIncluding      : /Users/keertihegde/POC Projects/Karl/uilib/src/stories/Footer/footer.component.ts[39m
[10:36:14] [33mExcluding      : /Users/keertihegde/POC Projects/Karl/uilib/src/stories/Footer/footer.scss[39m
[10:36:14] [36mIncluding      : /Users/keertihegde/POC Projects/Karl/uilib/src/stories/Footer/footer.stories.ts[39m
[10:36:14] [36mIncluding      : /Users/keertihegde/POC Projects/Karl/uilib/src/stories/Header/header.component.ts[39m
[10:36:14] [33mExcluding      : /Users/keertihegde/POC Projects/Karl/uilib/src/stories/Header/header.scss[39m
[10:36:14] [36mIncluding      : /Users/keertihegde/POC Projects/Karl/uilib/src/stories/Header/header.stories.ts[39m
[10:36:14] [36mIncluding      : /Users/keertihegde/POC Projects/Karl/uilib/src/stories/Loader/content-loader-dots.component.ts[39m
[10:36:14] [33mExcluding      : /Users/keertihegde/POC Projects/Karl/uilib/src/stories/Loader/content-loader-dots.scss[39m
[10:36:14] [36mIncluding      : /Users/keertihegde/POC Projects/Karl/uilib/src/stories/Loader/content-loader-dots.stories.ts[39m
[10:36:14] [36mIncluding      : /Users/keertihegde/POC Projects/Karl/uilib/src/stories/Loader/inline-loader-with-text.component.ts[39m
[10:36:14] [33mExcluding      : /Users/keertihegde/POC Projects/Karl/uilib/src/stories/Loader/inline-loader-with-text.scss[39m
[10:36:14] [36mIncluding      : /Users/keertihegde/POC Projects/Karl/uilib/src/stories/Loader/inline-loader-with-text.stories.ts[39m
[10:36:14] [36mIncluding      : /Users/keertihegde/POC Projects/Karl/uilib/src/stories/Loader/inline-loader.component.ts[39m
[10:36:14] [33mExcluding      : /Users/keertihegde/POC Projects/Karl/uilib/src/stories/Loader/inline-loader.scss[39m
[10:36:14] [36mIncluding      : /Users/keertihegde/POC Projects/Karl/uilib/src/stories/Loader/inline-loader.stories.ts[39m
[10:36:14] [36mIncluding      : /Users/keertihegde/POC Projects/Karl/uilib/src/stories/Loader/overlay.component.ts[39m
[10:36:14] [33mExcluding      : /Users/keertihegde/POC Projects/Karl/uilib/src/stories/Loader/overlay.scss[39m
[10:36:14] [36mIncluding      : /Users/keertihegde/POC Projects/Karl/uilib/src/stories/Loader/overlay.stories.ts[39m
[10:36:14] [36mIncluding      : /Users/keertihegde/POC Projects/Karl/uilib/src/stories/Loader/page-loader.component.ts[39m
[10:36:14] [33mExcluding      : /Users/keertihegde/POC Projects/Karl/uilib/src/stories/Loader/page-loader.scss[39m
[10:36:14] [36mIncluding      : /Users/keertihegde/POC Projects/Karl/uilib/src/stories/Loader/page-loader.stories.ts[39m
[10:36:14] [36mIncluding      : /Users/keertihegde/POC Projects/Karl/uilib/src/stories/Modal/modal.component.ts[39m
[10:36:14] [33mExcluding      : /Users/keertihegde/POC Projects/Karl/uilib/src/stories/Modal/modal.scss[39m
[10:36:14] [36mIncluding      : /Users/keertihegde/POC Projects/Karl/uilib/src/stories/Modal/modal.stories.ts[39m
[10:36:14] [36mIncluding      : /Users/keertihegde/POC Projects/Karl/uilib/src/stories/NavBar/nav-bar.component.ts[39m
[10:36:14] [33mExcluding      : /Users/keertihegde/POC Projects/Karl/uilib/src/stories/NavBar/nav-bar.scss[39m
[10:36:14] [36mIncluding      : /Users/keertihegde/POC Projects/Karl/uilib/src/stories/NavBar/nav-bar.stories.ts[39m
[10:36:14] [36mIncluding      : /Users/keertihegde/POC Projects/Karl/uilib/src/stories/NumericStepper/numeric-stepper.component.ts[39m
[10:36:14] [33mExcluding      : /Users/keertihegde/POC Projects/Karl/uilib/src/stories/NumericStepper/numeric-stepper.scss[39m
[10:36:14] [36mIncluding      : /Users/keertihegde/POC Projects/Karl/uilib/src/stories/NumericStepper/numeric-stepper.stories.ts[39m
[10:36:14] [36mIncluding      : /Users/keertihegde/POC Projects/Karl/uilib/src/stories/ProgressStepper/progress-stepper.component.ts[39m
[10:36:14] [33mExcluding      : /Users/keertihegde/POC Projects/Karl/uilib/src/stories/ProgressStepper/progress-stepper.scss[39m
[10:36:14] [36mIncluding      : /Users/keertihegde/POC Projects/Karl/uilib/src/stories/ProgressStepper/progress-stepper.stories.ts[39m
[10:36:14] [36mIncluding      : /Users/keertihegde/POC Projects/Karl/uilib/src/stories/RadioButton/radio-button-group.component.ts[39m
[10:36:14] [36mIncluding      : /Users/keertihegde/POC Projects/Karl/uilib/src/stories/RadioButton/radio-button-group.stories.ts[39m
[10:36:14] [36mIncluding      : /Users/keertihegde/POC Projects/Karl/uilib/src/stories/RadioButton/radio-button.component.ts[39m
[10:36:14] [33mExcluding      : /Users/keertihegde/POC Projects/Karl/uilib/src/stories/RadioButton/radio-button.scss[39m
[10:36:14] [36mIncluding      : /Users/keertihegde/POC Projects/Karl/uilib/src/stories/RadioButton/radio-button.stories.ts[39m
[10:36:14] [36mIncluding      : /Users/keertihegde/POC Projects/Karl/uilib/src/stories/SegmentedControl/segmented-control-item.component.ts[39m
[10:36:14] [33mExcluding      : /Users/keertihegde/POC Projects/Karl/uilib/src/stories/SegmentedControl/segmented-control-item.scss[39m
[10:36:14] [36mIncluding      : /Users/keertihegde/POC Projects/Karl/uilib/src/stories/SegmentedControl/segmented-control.component.ts[39m
[10:36:14] [33mExcluding      : /Users/keertihegde/POC Projects/Karl/uilib/src/stories/SegmentedControl/segmented-control.scss[39m
[10:36:14] [36mIncluding      : /Users/keertihegde/POC Projects/Karl/uilib/src/stories/SegmentedControl/segmented-control.stories.ts[39m
[10:36:14] [36mIncluding      : /Users/keertihegde/POC Projects/Karl/uilib/src/stories/SideNavBar/side-nav-bar.component.ts[39m
[10:36:14] [33mExcluding      : /Users/keertihegde/POC Projects/Karl/uilib/src/stories/SideNavBar/side-nav-bar.scss[39m
[10:36:14] [36mIncluding      : /Users/keertihegde/POC Projects/Karl/uilib/src/stories/SideNavBar/side-nav-bar.stories.ts[39m
[10:36:14] [36mIncluding      : /Users/keertihegde/POC Projects/Karl/uilib/src/stories/Toggle/toggle.component.ts[39m
[10:36:14] [33mExcluding      : /Users/keertihegde/POC Projects/Karl/uilib/src/stories/Toggle/toggle.scss[39m
[10:36:14] [36mIncluding      : /Users/keertihegde/POC Projects/Karl/uilib/src/stories/Toggle/toggle.stories.ts[39m
[10:36:14] [36mIncluding      : /Users/keertihegde/POC Projects/Karl/uilib/src/stories/TreeView/tree-view-item.component.ts[39m
[10:36:14] [33mExcluding      : /Users/keertihegde/POC Projects/Karl/uilib/src/stories/TreeView/tree-view-item.scss[39m
[10:36:14] [36mIncluding      : /Users/keertihegde/POC Projects/Karl/uilib/src/stories/TreeView/tree-view-item.stories.ts[39m
[10:36:14] [36mIncluding      : /Users/keertihegde/POC Projects/Karl/uilib/src/stories/TreeView/tree-view.component.ts[39m
[10:36:14] [33mExcluding      : /Users/keertihegde/POC Projects/Karl/uilib/src/stories/TreeView/tree-view.scss[39m
[10:36:14] [36mIncluding      : /Users/keertihegde/POC Projects/Karl/uilib/src/stories/TreeView/tree-view.stories.ts[39m
[10:36:14] [33mExcluding      : /Users/keertihegde/POC Projects/Karl/uilib/src/stories/assets/accessibility.png[39m
[10:36:14] [33mExcluding      : /Users/keertihegde/POC Projects/Karl/uilib/src/stories/assets/accessibility.svg[39m
[10:36:14] [33mExcluding      : /Users/keertihegde/POC Projects/Karl/uilib/src/stories/assets/addon-library.png[39m
[10:36:14] [33mExcluding      : /Users/keertihegde/POC Projects/Karl/uilib/src/stories/assets/assets.png[39m
[10:36:14] [33mExcluding      : /Users/keertihegde/POC Projects/Karl/uilib/src/stories/assets/avif-test-image.avif[39m
[10:36:14] [33mExcluding      : /Users/keertihegde/POC Projects/Karl/uilib/src/stories/assets/context.png[39m
[10:36:14] [33mExcluding      : /Users/keertihegde/POC Projects/Karl/uilib/src/stories/assets/discord.svg[39m
[10:36:14] [33mExcluding      : /Users/keertihegde/POC Projects/Karl/uilib/src/stories/assets/docs.png[39m
[10:36:14] [33mExcluding      : /Users/keertihegde/POC Projects/Karl/uilib/src/stories/assets/figma-plugin.png[39m
[10:36:14] [33mExcluding      : /Users/keertihegde/POC Projects/Karl/uilib/src/stories/assets/github.svg[39m
[10:36:14] [33mExcluding      : /Users/keertihegde/POC Projects/Karl/uilib/src/stories/assets/share.png[39m
[10:36:14] [33mExcluding      : /Users/keertihegde/POC Projects/Karl/uilib/src/stories/assets/styling.png[39m
[10:36:14] [33mExcluding      : /Users/keertihegde/POC Projects/Karl/uilib/src/stories/assets/testing.png[39m
[10:36:14] [33mExcluding      : /Users/keertihegde/POC Projects/Karl/uilib/src/stories/assets/theming.png[39m
[10:36:14] [33mExcluding      : /Users/keertihegde/POC Projects/Karl/uilib/src/stories/assets/tutorials.svg[39m
[10:36:14] [33mExcluding      : /Users/keertihegde/POC Projects/Karl/uilib/src/stories/assets/youtube.svg[39m
[10:36:14] [36mIncluding      : /Users/keertihegde/POC Projects/Karl/uilib/src/stories/icon/icon.component.ts[39m
[10:36:14] [33mExcluding      : /Users/keertihegde/POC Projects/Karl/uilib/src/stories/icon/icon.scss[39m
[10:36:14] [36mIncluding      : /Users/keertihegde/POC Projects/Karl/uilib/src/stories/icon/icon.stories.ts[39m
[10:36:14] [33mExcluding      : /Users/keertihegde/POC Projects/Karl/uilib/src/stories/assets/Icons/add small.svg[39m
[10:36:14] [32mSearching package.json file[39m
[10:36:14] [32mpackage.json file found[39m
[10:36:14] [32mProcessing package.json dependencies[39m
[10:36:14] [32mSearching README.md, CHANGELOG.md, CONTRIBUTING.md, LICENSE.md, TODO.md files[39m
[10:36:14] [32mREADME.md file found[39m
[10:36:14] [33mError during /Users/keertihegde/POC Projects/Karl/uilib/CHANGELOG read[39m
[10:36:14] [33mContinuing without CHANGELOG.md file[39m
[10:36:14] [33mError during /Users/keertihegde/POC Projects/Karl/uilib/CONTRIBUTING read[39m
[10:36:14] [33mContinuing without CONTRIBUTING.md file[39m
[10:36:14] [33mError during /Users/keertihegde/POC Projects/Karl/uilib/LICENSE read[39m
[10:36:14] [33mContinuing without LICENSE.md file[39m
[10:36:14] [33mError during /Users/keertihegde/POC Projects/Karl/uilib/TODO read[39m
[10:36:14] [33mContinuing without TODO.md file[39m
[10:36:14] [32mGet dependencies data[39m
[10:36:14] [32mparsing        : /Users/keertihegde/POC Projects/Karl/uilib/src/main.server.ts[39m
[10:36:14] [36mfound          : bootstrap[39m
[10:36:14] [32mparsing        : /Users/keertihegde/POC Projects/Karl/uilib/src/main.ts[39m
[10:36:14] [32mparsing        : /Users/keertihegde/POC Projects/Karl/uilib/.storybook/main.ts[39m
[10:36:14] [36mfound          : config[39m
[10:36:14] [32mparsing        : /Users/keertihegde/POC Projects/Karl/uilib/.storybook/manager.ts[39m
[10:36:14] [32mparsing        : /Users/keertihegde/POC Projects/Karl/uilib/.storybook/preview.ts[39m
[10:36:14] [36mfound          : preview[39m
[10:36:14] [32mparsing        : /Users/keertihegde/POC Projects/Karl/uilib/src/app/app.component.ts[39m
[10:36:14] [36mfound          : AppComponent[39m
[10:36:14] [36m               : - imports:[39m
[10:36:14] [36m               : 	- ButtonComponent[39m
[10:36:14] [32mparsing        : /Users/keertihegde/POC Projects/Karl/uilib/src/app/app.config.server.ts[39m
[10:36:14] [36mfound          : serverConfig[39m
[10:36:14] [36mfound          : config[39m
[10:36:14] [32mparsing        : /Users/keertihegde/POC Projects/Karl/uilib/src/app/app.config.ts[39m
[10:36:14] [36mfound          : appConfig[39m
[10:36:14] [32mparsing        : /Users/keertihegde/POC Projects/Karl/uilib/src/stories/user.ts[39m
[10:36:14] [36mfound          : User[39m
[10:36:14] [32mparsing        : /Users/keertihegde/POC Projects/Karl/uilib/src/stories/Actionbar/actionbar.component.ts[39m
[10:36:14] [36mfound          : ActionBarSize[39m
[10:36:14] [36mfound          : ActionBarType[39m
[10:36:14] [36mfound          : ActionBarButtonConfig[39m
[10:36:14] [36mfound          : ActionBarTextButtonConfig[39m
[10:36:14] [36mfound          : DEFAULT_ICON_SET1[39m
[10:36:14] [36mfound          : DEFAULT_ICON_SET2[39m
[10:36:14] [36mfound          : DEFAULT_ICON_SET3[39m
[10:36:14] [36mfound          : DEFAULT_TEXT_SET1[39m
[10:36:14] [36mfound          : DEFAULT_TEXT_SET2[39m
[10:36:14] [36mfound          : DEFAULT_TEXT_SET3[39m
[10:36:14] [36mfound          : ActionbarComponent[39m
[10:36:14] [36m               : - imports:[39m
[10:36:14] [36m               : 	- CommonModule[39m
[10:36:14] [36m               : 	- IconComponent[39m
[10:36:14] [36m               : 	- ButtonComponent[39m
[10:36:14] [32mparsing        : /Users/keertihegde/POC Projects/Karl/uilib/src/stories/Actionbar/actionbar.stories.ts[39m
[10:36:14] [36mfound          : meta[39m
[10:36:14] [36mfound          : Story[39m
[10:36:14] [36mfound          : Default[39m
[10:36:14] [36mfound          : WithoutSet2[39m
[10:36:14] [36mfound          : WithoutSet3[39m
[10:36:14] [36mfound          : WithoutKebab[39m
[10:36:14] [36mfound          : TextActionBarSmall[39m
[10:36:14] [36mfound          : TextActionBarMedium[39m
[10:36:14] [36mfound          : TextActionBarLarge[39m
[10:36:14] [36mfound          : TextActionBarXL[39m
[10:36:14] [36mfound          : CustomIcons[39m
[10:36:14] [36mfound          : CustomTextButtons[39m
[10:36:14] [32mparsing        : /Users/keertihegde/POC Projects/Karl/uilib/src/stories/Alert/alert.component.ts[39m
[10:36:14] [36mfound          : AlertType[39m
[10:36:14] [36mfound          : AlertComponent[39m
[10:36:14] [36m               : - imports:[39m
[10:36:14] [36m               : 	- CommonModule[39m
[10:36:14] [36m               : 	- IconComponent[39m
[10:36:14] [32mparsing        : /Users/keertihegde/POC Projects/Karl/uilib/src/stories/Alert/alert.stories.ts[39m
[10:36:14] [36mfound          : meta[39m
[10:36:14] [36mfound          : Story[39m
[10:36:14] [36mfound          : Default[39m
[10:36:14] [36mfound          : Information[39m
[10:36:14] [36mfound          : Success[39m
[10:36:14] [36mfound          : Warning[39m
[10:36:14] [36mfound          : Error[39m
[10:36:14] [36mfound          : WithTitle[39m
[10:36:14] [36mfound          : Dismissible[39m
[10:36:14] [36mfound          : NoIcon[39m
[10:36:14] [32mparsing        : /Users/keertihegde/POC Projects/Karl/uilib/src/stories/Avatar/avatar-group.component.ts[39m
[10:36:14] [36mfound          : AvatarGroupVariant[39m
[10:36:14] [36mfound          : AvatarGroupItem[39m
[10:36:14] [36mfound          : AvatarGroupComponent[39m
[10:36:14] [36m               : - imports:[39m
[10:36:14] [36m               : 	- CommonModule[39m
[10:36:14] [36m               : 	- AvatarComponent[39m
[10:36:14] [32mparsing        : /Users/keertihegde/POC Projects/Karl/uilib/src/stories/Avatar/avatar-group.stories.ts[39m
[10:36:14] [36mfound          : sampleItems[39m
[10:36:14] [36mfound          : placeholderItems[39m
[10:36:14] [36mfound          : meta[39m
[10:36:14] [36mfound          : Story[39m
[10:36:14] [36mfound          : StackDefault[39m
[10:36:14] [36mfound          : StackWithOverflow[39m
[10:36:14] [36mfound          : StackSizeXS[39m
[10:36:14] [36mfound          : StackSizeS[39m
[10:36:14] [36mfound          : StackSizeL[39m
[10:36:14] [36mfound          : StackSizeXL[39m
[10:36:14] [36mfound          : StackPlaceholders[39m
[10:36:14] [36mfound          : BlockDefault[39m
[10:36:14] [36mfound          : BlockWithOverflow[39m
[10:36:14] [36mfound          : BlockSizeXS[39m
[10:36:14] [36mfound          : BlockSizeS[39m
[10:36:14] [36mfound          : BlockSizeL[39m
[10:36:14] [36mfound          : BlockSizeXL[39m
[10:36:14] [36mfound          : BlockMixedTypes[39m
[10:36:14] [32mparsing        : /Users/keertihegde/POC Projects/Karl/uilib/src/stories/Avatar/avatar.component.ts[39m
[10:36:14] [36mfound          : AvatarSize[39m
[10:36:14] [36mfound          : AvatarType[39m
[10:36:14] [36mfound          : AvatarStatus[39m
[10:36:14] [36mfound          : AvatarColor[39m
[10:36:14] [36mfound          : AvatarComponent[39m
[10:36:14] [36m               : - imports:[39m
[10:36:14] [36m               : 	- CommonModule[39m
[10:36:14] [36m               : 	- IconComponent[39m
[10:36:14] [32mparsing        : /Users/keertihegde/POC Projects/Karl/uilib/src/stories/Avatar/avatar.stories.ts[39m
[10:36:14] [36mfound          : meta[39m
[10:36:14] [36mfound          : Story[39m
[10:36:14] [36mfound          : Default[39m
[10:36:14] [36mfound          : Placeholder[39m
[10:36:14] [36mfound          : Initials[39m
[10:36:14] [36mfound          : InitialsGreen[39m
[10:36:14] [36mfound          : InitialsPurple[39m
[10:36:14] [36mfound          : WithImage[39m
[10:36:14] [36mfound          : WithIcon[39m
[10:36:14] [36mfound          : SizeXS[39m
[10:36:14] [36mfound          : SizeS[39m
[10:36:14] [36mfound          : SizeM[39m
[10:36:14] [36mfound          : SizeL[39m
[10:36:14] [36mfound          : SizeXL[39m
[10:36:14] [36mfound          : StatusOnline[39m
[10:36:14] [36mfound          : StatusOffline[39m
[10:36:14] [36mfound          : StatusAway[39m
[10:36:14] [36mfound          : StatusBusy[39m
[10:36:14] [36mfound          : ImageWithOnlineStatus[39m
[10:36:14] [32mparsing        : /Users/keertihegde/POC Projects/Karl/uilib/src/stories/Badge/badge.component.ts[39m
[10:36:14] [36mfound          : BadgeType[39m
[10:36:14] [36mfound          : BadgeStyle[39m
[10:36:14] [36mfound          : BadgeSize[39m
[10:36:14] [36mfound          : BadgeComponent[39m
[10:36:14] [36m               : - imports:[39m
[10:36:14] [36m               : 	- CommonModule[39m
[10:36:14] [36m               : 	- IconComponent[39m
[10:36:14] [32mparsing        : /Users/keertihegde/POC Projects/Karl/uilib/src/stories/Badge/badge.stories.ts[39m
[10:36:14] [36mfound          : meta[39m
[10:36:14] [36mfound          : Story[39m
[10:36:14] [36mfound          : Default[39m
[10:36:14] [36mfound          : DefaultOutlinedS[39m
[10:36:14] [36mfound          : DefaultOutlinedM[39m
[10:36:14] [36mfound          : DefaultOutlinedL[39m
[10:36:14] [36mfound          : DefaultToned[39m
[10:36:14] [36mfound          : DefaultHighlighted[39m
[10:36:14] [36mfound          : ErrorOutlined[39m
[10:36:14] [36mfound          : ErrorToned[39m
[10:36:14] [36mfound          : ErrorHighlighted[39m
[10:36:14] [36mfound          : SuccessOutlined[39m
[10:36:14] [36mfound          : SuccessToned[39m
[10:36:14] [36mfound          : SuccessHighlighted[39m
[10:36:14] [36mfound          : WarningOutlined[39m
[10:36:14] [36mfound          : WarningToned[39m
[10:36:14] [36mfound          : WarningHighlighted[39m
[10:36:14] [36mfound          : InformationOutlined[39m
[10:36:14] [36mfound          : InformationToned[39m
[10:36:14] [36mfound          : InformationHighlighted[39m
[10:36:14] [36mfound          : WithBothIcons[39m
[10:36:14] [36mfound          : WithPrefixIcon[39m
[10:36:14] [32mparsing        : /Users/keertihegde/POC Projects/Karl/uilib/src/stories/BadgeIndicator/badge-indicator.component.ts[39m
[10:36:14] [36mfound          : BadgeIndicatorType[39m
[10:36:14] [36mfound          : BadgeIndicatorStyle[39m
[10:36:14] [36mfound          : BadgeIndicatorComponent[39m
[10:36:14] [36m               : - imports:[39m
[10:36:14] [36m               : 	- CommonModule[39m
[10:36:14] [32mparsing        : /Users/keertihegde/POC Projects/Karl/uilib/src/stories/BadgeIndicator/badge-indicator.stories.ts[39m
[10:36:14] [36mfound          : meta[39m
[10:36:14] [36mfound          : Story[39m
[10:36:14] [36mfound          : Default[39m
[10:36:14] [36mfound          : DotInlineDefault[39m
[10:36:14] [36mfound          : DotInlineError[39m
[10:36:14] [36mfound          : DotInlineSuccess[39m
[10:36:14] [36mfound          : DotInlineWarning[39m
[10:36:14] [36mfound          : DotInlineInactive[39m
[10:36:14] [36mfound          : DotOverlappingDefault[39m
[10:36:14] [36mfound          : DotOverlappingError[39m
[10:36:14] [36mfound          : DotOverlappingSuccess[39m
[10:36:14] [36mfound          : DotOverlappingWarning[39m
[10:36:14] [36mfound          : DotOverlappingInactive[39m
[10:36:14] [36mfound          : WithTextDefault[39m
[10:36:14] [36mfound          : WithTextError[39m
[10:36:14] [36mfound          : WithTextSuccess[39m
[10:36:14] [36mfound          : WithTextWarning[39m
[10:36:14] [36mfound          : WithTextInactive[39m
[10:36:14] [36mfound          : WithTextOverlappingDefault[39m
[10:36:14] [36mfound          : WithTextOverlappingError[39m
[10:36:14] [36mfound          : WithTextOverlappingSuccess[39m
[10:36:14] [36mfound          : WithTextOverlappingWarning[39m
[10:36:14] [36mfound          : WithTextOverlappingInactive[39m
[10:36:14] [32mparsing        : /Users/keertihegde/POC Projects/Karl/uilib/src/stories/Banner/banner.component.ts[39m
[10:36:14] [36mfound          : BannerType[39m
[10:36:14] [36mfound          : BannerComponent[39m
[10:36:14] [36m               : - imports:[39m
[10:36:14] [36m               : 	- CommonModule[39m
[10:36:14] [36m               : 	- IconComponent[39m
[10:36:14] [32mparsing        : /Users/keertihegde/POC Projects/Karl/uilib/src/stories/Banner/banner.stories.ts[39m
[10:36:14] [36mfound          : meta[39m
[10:36:14] [36mfound          : Story[39m
[10:36:14] [36mfound          : Default[39m
[10:36:14] [36mfound          : Information[39m
[10:36:14] [36mfound          : Success[39m
[10:36:14] [36mfound          : Warning[39m
[10:36:14] [36mfound          : Error[39m
[10:36:14] [36mfound          : WithTitle[39m
[10:36:14] [36mfound          : Dismissible[39m
[10:36:14] [36mfound          : WithAction[39m
[10:36:14] [36mfound          : WithActionAndDismiss[39m
[10:36:14] [36mfound          : NoIcon[39m
[10:36:14] [32mparsing        : /Users/keertihegde/POC Projects/Karl/uilib/src/stories/Breadcrumb/breadcrumb.component.ts[39m
[10:36:14] [36mfound          : BreadcrumbItem[39m
[10:36:14] [36mfound          : BreadcrumbSize[39m
[10:36:14] [36mfound          : BreadcrumbComponent[39m
[10:36:14] [36m               : - imports:[39m
[10:36:14] [36m               : 	- CommonModule[39m
[10:36:14] [36m               : 	- IconComponent[39m
[10:36:14] [32mparsing        : /Users/keertihegde/POC Projects/Karl/uilib/src/stories/Breadcrumb/breadcrumb.stories.ts[39m
[10:36:14] [36mfound          : meta[39m
[10:36:14] [36mfound          : Story[39m
[10:36:14] [36mfound          : Default[39m
[10:36:14] [36mfound          : TwoItems[39m
[10:36:14] [36mfound          : FourItems[39m
[10:36:14] [36mfound          : SizeSmall[39m
[10:36:14] [36mfound          : SizeMedium[39m
[10:36:14] [36mfound          : SizeLarge[39m
[10:36:14] [36mfound          : LongLabels[39m
[10:36:14] [32mparsing        : /Users/keertihegde/POC Projects/Karl/uilib/src/stories/Buttons/button.component.ts[39m
[10:36:14] [36mfound          : ButtonComponent[39m
[10:36:14] [36m               : - imports:[39m
[10:36:14] [36m               : 	- CommonModule[39m
[10:36:14] [36m               : 	- MatButtonModule[39m
[10:36:14] [36m               : 	- MatIconModule[39m
[10:36:14] [36m               : 	- IconComponent[39m
[10:36:14] [32mparsing        : /Users/keertihegde/POC Projects/Karl/uilib/src/stories/Buttons/button.stories.ts[39m
[10:36:14] [36mfound          : meta[39m
[10:36:14] [36mfound          : Story[39m
[10:36:14] [36mfound          : Primary[39m
[10:36:14] [36mfound          : Disabled[39m
[10:36:14] [36mfound          : Loading[39m
[10:36:14] [36mfound          : Success[39m
[10:36:14] [36mfound          : Error[39m
[10:36:14] [36mfound          : WithIconsOnly[39m
[10:36:14] [36mfound          : NoIcons[39m
[10:36:14] [36mfound          : SmallSize[39m
[10:36:14] [36mfound          : MediumSize[39m
[10:36:14] [36mfound          : LargeSize[39m
[10:36:14] [36mfound          : Toned[39m
[10:36:14] [36mfound          : CustomIconFromUrl[39m
[10:36:14] [36mfound          : AssetIcons[39m
[10:36:14] [32mparsing        : /Users/keertihegde/POC Projects/Karl/uilib/src/stories/Checkbox/checkbox-group.component.ts[39m
[10:36:14] [36mfound          : CheckboxItem[39m
[10:36:14] [36mfound          : CheckboxGroupComponent[39m
[10:36:14] [36m               : - imports:[39m
[10:36:14] [36m               : 	- CommonModule[39m
[10:36:14] [36m               : 	- CheckboxComponent[39m
[10:36:14] [32mparsing        : /Users/keertihegde/POC Projects/Karl/uilib/src/stories/Checkbox/checkbox-group.stories.ts[39m
[10:36:14] [36mfound          : defaultItems[39m
[10:36:14] [36mfound          : itemsWithDescriptions[39m
[10:36:14] [36mfound          : itemsWithDisabled[39m
[10:36:14] [36mfound          : meta[39m
[10:36:14] [36mfound          : Story[39m
[10:36:14] [36mfound          : Default[39m
[10:36:14] [36mfound          : WithGroupLabel[39m
[10:36:14] [36mfound          : WithSelectAll[39m
[10:36:14] [36mfound          : SelectAllIndeterminate[39m
[10:36:14] [36mfound          : SelectAllChecked[39m
[10:36:14] [36mfound          : HorizontalLayout[39m
[10:36:14] [36mfound          : WithDescriptions[39m
[10:36:14] [36mfound          : WithDisabledItems[39m
[10:36:14] [36mfound          : AllDisabled[39m
[10:36:14] [36mfound          : ErrorState[39m
[10:36:14] [36mfound          : SizeSmall[39m
[10:36:14] [36mfound          : SizeLarge[39m
[10:36:14] [32mparsing        : /Users/keertihegde/POC Projects/Karl/uilib/src/stories/Checkbox/checkbox.component.ts[39m
[10:36:14] [36mfound          : CheckboxSize[39m
[10:36:14] [36mfound          : CheckboxComponent[39m
[10:36:14] [36m               : - imports:[39m
[10:36:14] [36m               : 	- CommonModule[39m
[10:36:14] [32mparsing        : /Users/keertihegde/POC Projects/Karl/uilib/src/stories/Checkbox/checkbox.stories.ts[39m
[10:36:14] [36mfound          : meta[39m
[10:36:14] [36mfound          : Story[39m
[10:36:14] [36mfound          : Default[39m
[10:36:14] [36mfound          : Checked[39m
[10:36:14] [36mfound          : Indeterminate[39m
[10:36:14] [36mfound          : Disabled[39m
[10:36:14] [36mfound          : DisabledChecked[39m
[10:36:14] [36mfound          : WithDescription[39m
[10:36:14] [36mfound          : ErrorState[39m
[10:36:14] [36mfound          : SizeSmall[39m
[10:36:14] [36mfound          : SizeMedium[39m
[10:36:14] [36mfound          : SizeLarge[39m
[10:36:14] [36mfound          : SizeLargeWithDescription[39m
[10:36:14] [32mparsing        : /Users/keertihegde/POC Projects/Karl/uilib/src/stories/ColumnManager/column-manager.component.ts[39m
[10:36:14] [36mfound          : ColumnManagerColumn[39m
[10:36:14] [36mfound          : ColumnManagerGroup[39m
[10:36:14] [36mfound          : DEFAULT_GROUPS[39m
[10:36:14] [36mfound          : ColumnManagerComponent[39m
[10:36:14] [36m               : - imports:[39m
[10:36:14] [36m               : 	- CommonModule[39m
[10:36:14] [36m               : 	- FormsModule[39m
[10:36:14] [36m               : 	- DragDropModule[39m
[10:36:14] [36m               : 	- IconComponent[39m
[10:36:14] [32mparsing        : /Users/keertihegde/POC Projects/Karl/uilib/src/stories/ColumnManager/column-manager.stories.ts[39m
[10:36:14] [36mfound          : defaultGroups[39m
[10:36:14] [36mfound          : meta[39m
[10:36:14] [36mfound          : Story[39m
[10:36:14] [36mfound          : Default[39m
[10:36:14] [36mfound          : NoSearch[39m
[10:36:14] [36mfound          : AllExpanded[39m
[10:36:14] [36mfound          : AllColumnsVisible[39m
[10:36:14] [36mfound          : AllColumnsHidden[39m
[10:36:14] [36mfound          : SingleGroup[39m
[10:36:14] [36mfound          : ManyGroups[39m
[10:36:14] [32mparsing        : /Users/keertihegde/POC Projects/Karl/uilib/src/stories/Combobox/combobox.component.ts[39m
[10:36:14] [36mfound          : ComboboxOption[39m
[10:36:14] [36mfound          : ComboboxSize[39m
[10:36:14] [36mfound          : ComboboxComponent[39m
[10:36:14] [36m               : - imports:[39m
[10:36:14] [36m               : 	- CommonModule[39m
[10:36:14] [36m               : 	- IconComponent[39m
[10:36:14] [32mparsing        : /Users/keertihegde/POC Projects/Karl/uilib/src/stories/Combobox/combobox.stories.ts[39m
[10:36:14] [36mfound          : sampleOptions[39m
[10:36:14] [36mfound          : meta[39m
[10:36:14] [36mfound          : Story[39m
[10:36:14] [36mfound          : Default[39m
[10:36:14] [36mfound          : WithValue[39m
[10:36:14] [36mfound          : WithHelperText[39m
[10:36:14] [36mfound          : Searchable[39m
[10:36:14] [36mfound          : SearchableWithValue[39m
[10:36:14] [36mfound          : ErrorState[39m
[10:36:14] [36mfound          : Disabled[39m
[10:36:14] [36mfound          : DisabledWithValue[39m
[10:36:14] [36mfound          : SizeSmall[39m
[10:36:14] [36mfound          : SizeMedium[39m
[10:36:14] [36mfound          : SizeLarge[39m
[10:36:14] [36mfound          : NoLabel[39m
[10:36:14] [32mparsing        : /Users/keertihegde/POC Projects/Karl/uilib/src/stories/DatePicker/datepicker.component.ts[39m
[10:36:14] [36mfound          : DatePickerSize[39m
[10:36:14] [36mfound          : DatePickerComponent[39m
[10:36:14] [36m               : - imports:[39m
[10:36:14] [36m               : 	- CommonModule[39m
[10:36:14] [36m               : 	- IconComponent[39m
[10:36:14] [36mfound          : CalendarCell[39m
[10:36:14] [32mparsing        : /Users/keertihegde/POC Projects/Karl/uilib/src/stories/DatePicker/datepicker.stories.ts[39m
[10:36:14] [36mfound          : meta[39m
[10:36:14] [36mfound          : Story[39m
[10:36:14] [36mfound          : Default[39m
[10:36:14] [36mfound          : WithValue[39m
[10:36:14] [36mfound          : WithHelperText[39m
[10:36:14] [36mfound          : ErrorState[39m
[10:36:14] [36mfound          : Disabled[39m
[10:36:14] [36mfound          : DisabledWithValue[39m
[10:36:14] [36mfound          : WithMinMaxDate[39m
[10:36:14] [36mfound          : SizeSmall[39m
[10:36:14] [36mfound          : SizeMedium[39m
[10:36:14] [36mfound          : SizeLarge[39m
[10:36:14] [36mfound          : NoLabel[39m
[10:36:14] [32mparsing        : /Users/keertihegde/POC Projects/Karl/uilib/src/stories/DatePicker/daterangepicker.component.ts[39m
[10:36:14] [36mfound          : DateRangePickerSize[39m
[10:36:14] [36mfound          : DateRange[39m
[10:36:14] [36mfound          : DateRangePickerComponent[39m
[10:36:14] [36m               : - imports:[39m
[10:36:14] [36m               : 	- CommonModule[39m
[10:36:14] [36m               : 	- IconComponent[39m
[10:36:14] [36mfound          : CalendarCell[39m
[10:36:14] [32mparsing        : /Users/keertihegde/POC Projects/Karl/uilib/src/stories/DatePicker/daterangepicker.stories.ts[39m
[10:36:14] [36mfound          : meta[39m
[10:36:14] [36mfound          : Story[39m
[10:36:14] [36mfound          : Default[39m
[10:36:14] [36mfound          : WithValue[39m
[10:36:14] [36mfound          : WithHelperText[39m
[10:36:14] [36mfound          : ErrorState[39m
[10:36:14] [36mfound          : Disabled[39m
[10:36:14] [36mfound          : DisabledWithValue[39m
[10:36:14] [36mfound          : WithMinMaxDate[39m
[10:36:14] [36mfound          : SizeSmall[39m
[10:36:14] [36mfound          : SizeMedium[39m
[10:36:14] [36mfound          : SizeLarge[39m
[10:36:14] [36mfound          : NoLabel[39m
[10:36:14] [36mfound          : SingleDayRange[39m
[10:36:14] [32mparsing        : /Users/keertihegde/POC Projects/Karl/uilib/src/stories/DatePicker/monthpicker.component.ts[39m
[10:36:14] [36mfound          : MonthPickerSize[39m
[10:36:14] [36mfound          : MonthValue[39m
[10:36:14] [36mfound          : MonthCell[39m
[10:36:14] [36mfound          : MonthPickerComponent[39m
[10:36:14] [36m               : - imports:[39m
[10:36:14] [36m               : 	- CommonModule[39m
[10:36:14] [36m               : 	- IconComponent[39m
[10:36:14] [32mparsing        : /Users/keertihegde/POC Projects/Karl/uilib/src/stories/DatePicker/monthpicker.stories.ts[39m
[10:36:14] [36mfound          : meta[39m
[10:36:14] [36mfound          : Story[39m
[10:36:14] [36mfound          : Default[39m
[10:36:14] [36mfound          : WithValue[39m
[10:36:14] [36mfound          : WithHelperText[39m
[10:36:14] [36mfound          : ErrorState[39m
[10:36:14] [36mfound          : Disabled[39m
[10:36:14] [36mfound          : DisabledWithValue[39m
[10:36:14] [36mfound          : WithMinMaxValue[39m
[10:36:14] [36mfound          : SizeSmall[39m
[10:36:14] [36mfound          : SizeMedium[39m
[10:36:14] [36mfound          : SizeLarge[39m
[10:36:14] [36mfound          : NoLabel[39m
[10:36:14] [32mparsing        : /Users/keertihegde/POC Projects/Karl/uilib/src/stories/DescriptionList/description-item.component.ts[39m
[10:36:14] [36mfound          : DescriptionItemSize[39m
[10:36:14] [36mfound          : DescriptionItemType[39m
[10:36:14] [36mfound          : DescriptionItemComponent[39m
[10:36:14] [36m               : - imports:[39m
[10:36:14] [36m               : 	- CommonModule[39m
[10:36:14] [36m               : 	- IconComponent[39m
[10:36:14] [36m               : 	- BadgeComponent[39m
[10:36:14] [32mparsing        : /Users/keertihegde/POC Projects/Karl/uilib/src/stories/DescriptionList/description-list.component.ts[39m
[10:36:14] [36mfound          : DescriptionListLayout[39m
[10:36:14] [36mfound          : DescriptionListItem[39m
[10:36:14] [36mfound          : DescriptionListComponent[39m
[10:36:14] [36m               : - imports:[39m
[10:36:14] [36m               : 	- CommonModule[39m
[10:36:14] [36m               : 	- DescriptionItemComponent[39m
[10:36:14] [32mparsing        : /Users/keertihegde/POC Projects/Karl/uilib/src/stories/DescriptionList/description-list.stories.ts[39m
[10:36:14] [36mfound          : baseItems[39m
[10:36:14] [36mfound          : meta[39m
[10:36:14] [36mfound          : Story[39m
[10:36:14] [36mfound          : Default[39m
[10:36:14] [36mfound          : VerticalList[39m
[10:36:14] [36mfound          : HorizontalList[39m
[10:36:14] [36mfound          : ItemTypeVertical[39m
[10:36:14] [36mfound          : ItemType2Column[39m
[10:36:14] [36mfound          : ItemTypeDisplay[39m
[10:36:14] [36mfound          : SizeSmall[39m
[10:36:14] [36mfound          : SizeMedium[39m
[10:36:14] [36mfound          : SizeLarge[39m
[10:36:14] [36mfound          : WithLabelIcons[39m
[10:36:14] [36mfound          : WithContentIcons[39m
[10:36:14] [36mfound          : WithBadges[39m
[10:36:14] [36mfound          : WithDivider[39m
[10:36:14] [36mfound          : WithTitle[39m
[10:36:14] [36mfound          : WithTitleAndDivider[39m
[10:36:14] [36mfound          : MixedItemTypes[39m
[10:36:14] [32mparsing        : /Users/keertihegde/POC Projects/Karl/uilib/src/stories/DialogueBox/dialogue-box.component.ts[39m
[10:36:14] [36mfound          : DialogueBoxState[39m
[10:36:14] [36mfound          : DialogueBoxSize[39m
[10:36:14] [36mfound          : DialogueBoxComponent[39m
[10:36:14] [36m               : - imports:[39m
[10:36:14] [36m               : 	- CommonModule[39m
[10:36:14] [36m               : 	- IconComponent[39m
[10:36:14] [36m               : 	- ButtonComponent[39m
[10:36:14] [32mparsing        : /Users/keertihegde/POC Projects/Karl/uilib/src/stories/DialogueBox/dialogue-box.stories.ts[39m
[10:36:14] [36mfound          : meta[39m
[10:36:14] [36mfound          : Story[39m
[10:36:14] [36mfound          : Default[39m
[10:36:14] [36mfound          : SizeS[39m
[10:36:14] [36mfound          : SizeM[39m
[10:36:14] [36mfound          : SizeL[39m
[10:36:14] [36mfound          : SizeXL[39m
[10:36:14] [36mfound          : StateSuccess[39m
[10:36:14] [36mfound          : StateWarning[39m
[10:36:14] [36mfound          : StateError[39m
[10:36:14] [36mfound          : AllSizes[39m
[10:36:14] [36mfound          : AllStates[39m
[10:36:14] [32mparsing        : /Users/keertihegde/POC Projects/Karl/uilib/src/stories/Footer/footer.component.ts[39m
[10:36:14] [36mfound          : FooterPlatform[39m
[10:36:14] [36mfound          : DEFAULT_TC_LINKS[39m
[10:36:14] [36mfound          : DEFAULT_WLMP_MENU_LINKS[39m
[10:36:14] [36mfound          : FooterComponent[39m
[10:36:14] [36m               : - imports:[39m
[10:36:14] [36m               : 	- CommonModule[39m
[10:36:14] [36m               : 	- MatIconModule[39m
[10:36:14] [32mparsing        : /Users/keertihegde/POC Projects/Karl/uilib/src/stories/Footer/footer.stories.ts[39m
[10:36:14] [36mfound          : meta[39m
[10:36:14] [36mfound          : Story[39m
[10:36:14] [36mfound          : TermsAndConditions[39m
[10:36:14] [36mfound          : WLMP[39m
[10:36:14] [32mparsing        : /Users/keertihegde/POC Projects/Karl/uilib/src/stories/Header/header.component.ts[39m
[10:36:14] [36mfound          : HeaderType[39m
[10:36:14] [36mfound          : HeaderComponent[39m
[10:36:14] [36m               : - imports:[39m
[10:36:14] [36m               : 	- CommonModule[39m
[10:36:14] [36m               : 	- IconComponent[39m
[10:36:14] [32mparsing        : /Users/keertihegde/POC Projects/Karl/uilib/src/stories/Header/header.stories.ts[39m
[10:36:14] [36mfound          : meta[39m
[10:36:14] [36mfound          : Story[39m
[10:36:14] [36mfound          : Default[39m
[10:36:14] [36mfound          : Header1[39m
[10:36:14] [36mfound          : Header2[39m
[10:36:14] [36mfound          : Header3[39m
[10:36:14] [36mfound          : Header4[39m
[10:36:14] [36mfound          : Header5[39m
[10:36:14] [36mfound          : WithBreadcrumb[39m
[10:36:14] [36mfound          : WithActions[39m
[10:36:14] [36mfound          : NoSubtitle[39m
[10:36:14] [32mparsing        : /Users/keertihegde/POC Projects/Karl/uilib/src/stories/Loader/content-loader-dots.component.ts[39m
[10:36:14] [36mfound          : ContentLoaderDotsComponent[39m
[10:36:14] [36m               : - imports:[39m
[10:36:14] [36m               : 	- CommonModule[39m
[10:36:14] [32mparsing        : /Users/keertihegde/POC Projects/Karl/uilib/src/stories/Loader/content-loader-dots.stories.ts[39m
[10:36:14] [36mfound          : meta[39m
[10:36:14] [36mfound          : Story[39m
[10:36:14] [36mfound          : Default[39m
[10:36:14] [32mparsing        : /Users/keertihegde/POC Projects/Karl/uilib/src/stories/Loader/inline-loader-with-text.component.ts[39m
[10:36:14] [36mfound          : InlineLoaderState[39m
[10:36:14] [36mfound          : InlineLoaderWithTextComponent[39m
[10:36:14] [36m               : - imports:[39m
[10:36:14] [36m               : 	- CommonModule[39m
[10:36:14] [36m               : 	- InlineLoaderComponent[39m
[10:36:14] [32mparsing        : /Users/keertihegde/POC Projects/Karl/uilib/src/stories/Loader/inline-loader-with-text.stories.ts[39m
[10:36:14] [36mfound          : meta[39m
[10:36:14] [36mfound          : Story[39m
[10:36:14] [36mfound          : Default[39m
[10:36:14] [36mfound          : Active[39m
[10:36:14] [36mfound          : Success[39m
[10:36:14] [36mfound          : Error[39m
[10:36:14] [32mparsing        : /Users/keertihegde/POC Projects/Karl/uilib/src/stories/Loader/inline-loader.component.ts[39m
[10:36:14] [36mfound          : InlineLoaderComponent[39m
[10:36:14] [32mparsing        : /Users/keertihegde/POC Projects/Karl/uilib/src/stories/Loader/inline-loader.stories.ts[39m
[10:36:14] [36mfound          : meta[39m
[10:36:14] [36mfound          : Story[39m
[10:36:14] [36mfound          : Default[39m
[10:36:14] [32mparsing        : /Users/keertihegde/POC Projects/Karl/uilib/src/stories/Loader/overlay.component.ts[39m
[10:36:14] [36mfound          : OverlayType[39m
[10:36:14] [36mfound          : OverlayComponent[39m
[10:36:14] [36m               : - imports:[39m
[10:36:14] [36m               : 	- CommonModule[39m
[10:36:14] [32mparsing        : /Users/keertihegde/POC Projects/Karl/uilib/src/stories/Loader/overlay.stories.ts[39m
[10:36:14] [36mfound          : meta[39m
[10:36:14] [36mfound          : Story[39m
[10:36:14] [36mfound          : Light[39m
[10:36:14] [36mfound          : Dark[39m
[10:36:14] [32mparsing        : /Users/keertihegde/POC Projects/Karl/uilib/src/stories/Loader/page-loader.component.ts[39m
[10:36:14] [36mfound          : PageLoaderComponent[39m
[10:36:14] [36m               : - imports:[39m
[10:36:14] [36m               : 	- CommonModule[39m
[10:36:14] [32mparsing        : /Users/keertihegde/POC Projects/Karl/uilib/src/stories/Loader/page-loader.stories.ts[39m
[10:36:14] [36mfound          : meta[39m
[10:36:14] [36mfound          : Story[39m
[10:36:14] [36mfound          : Default[39m
[10:36:14] [36mfound          : Hidden[39m
[10:36:14] [32mparsing        : /Users/keertihegde/POC Projects/Karl/uilib/src/stories/Modal/modal.component.ts[39m
[10:36:14] [36mfound          : ModalSize[39m
[10:36:14] [36mfound          : ModalComponent[39m
[10:36:14] [36m               : - imports:[39m
[10:36:14] [36m               : 	- CommonModule[39m
[10:36:14] [36m               : 	- IconComponent[39m
[10:36:14] [36m               : 	- ButtonComponent[39m
[10:36:14] [32mparsing        : /Users/keertihegde/POC Projects/Karl/uilib/src/stories/Modal/modal.stories.ts[39m
[10:36:14] [36mfound          : meta[39m
[10:36:14] [36mfound          : Story[39m
[10:36:14] [36mfound          : Default[39m
[10:36:14] [36mfound          : SizeS[39m
[10:36:14] [36mfound          : SizeM[39m
[10:36:14] [36mfound          : SizeL[39m
[10:36:14] [36mfound          : SizeXL[39m
[10:36:14] [36mfound          : NoSubtitle[39m
[10:36:14] [36mfound          : WithContent[39m
[10:36:14] [36mfound          : AllSizes[39m
[10:36:14] [32mparsing        : /Users/keertihegde/POC Projects/Karl/uilib/src/stories/NavBar/nav-bar.component.ts[39m
[10:36:14] [36mfound          : NavBarPlatform[39m
[10:36:14] [36mfound          : DEFAULT_NAV_ITEMS[39m
[10:36:14] [36mfound          : NavBarComponent[39m
[10:36:14] [36m               : - imports:[39m
[10:36:14] [36m               : 	- CommonModule[39m
[10:36:14] [36m               : 	- MatIconModule[39m
[10:36:14] [32mparsing        : /Users/keertihegde/POC Projects/Karl/uilib/src/stories/NavBar/nav-bar.stories.ts[39m
[10:36:14] [36mfound          : meta[39m
[10:36:14] [36mfound          : Story[39m
[10:36:14] [36mfound          : CCP[39m
[10:36:14] [36mfound          : WLMP[39m
[10:36:14] [36mfound          : CBOT[39m
[10:36:14] [32mparsing        : /Users/keertihegde/POC Projects/Karl/uilib/src/stories/NumericStepper/numeric-stepper.component.ts[39m
[10:36:14] [36mfound          : NumericStepperVariant[39m
[10:36:14] [36mfound          : NumericStepperLabelPosition[39m
[10:36:14] [36mfound          : NumericStepperComponent[39m
[10:36:14] [36m               : - imports:[39m
[10:36:14] [36m               : 	- CommonModule[39m
[10:36:14] [36m               : 	- FormsModule[39m
[10:36:14] [32mparsing        : /Users/keertihegde/POC Projects/Karl/uilib/src/stories/NumericStepper/numeric-stepper.stories.ts[39m
[10:36:14] [36mfound          : meta[39m
[10:36:14] [36mfound          : Story[39m
[10:36:14] [36mfound          : LeftInputDefault[39m
[10:36:14] [36mfound          : LeftInputDisabled[39m
[10:36:14] [36mfound          : LeftInputError[39m
[10:36:14] [36mfound          : LeftInputWithMinMax[39m
[10:36:14] [36mfound          : CenterInputVerticalDefault[39m
[10:36:14] [36mfound          : CenterInputVerticalDisabled[39m
[10:36:14] [36mfound          : CenterInputVerticalError[39m
[10:36:14] [36mfound          : CenterInputHorizontalDefault[39m
[10:36:14] [36mfound          : CenterInputHorizontalDisabled[39m
[10:36:14] [36mfound          : CenterInputHorizontalError[39m
[10:36:14] [32mparsing        : /Users/keertihegde/POC Projects/Karl/uilib/src/stories/ProgressStepper/progress-stepper.component.ts[39m
[10:36:14] [36mfound          : StepState[39m
[10:36:14] [36mfound          : StepItem[39m
[10:36:14] [36mfound          : ProgressStepperComponent[39m
[10:36:14] [36m               : - imports:[39m
[10:36:14] [36m               : 	- CommonModule[39m
[10:36:14] [36m               : 	- MatIconModule[39m
[10:36:14] [32mparsing        : /Users/keertihegde/POC Projects/Karl/uilib/src/stories/ProgressStepper/progress-stepper.stories.ts[39m
[10:36:14] [36mfound          : meta[39m
[10:36:14] [36mfound          : Story[39m
[10:36:14] [36mfound          : Horizontal[39m
[10:36:14] [36mfound          : Vertical[39m
[10:36:14] [36mfound          : AllStates[39m
[10:36:14] [36mfound          : AllStatesVertical[39m
[10:36:14] [36mfound          : WithIcons[39m
[10:36:14] [36mfound          : WithIconsVertical[39m
[10:36:14] [36mfound          : PartiallyDone[39m
[10:36:14] [36mfound          : WithError[39m
[10:36:14] [32mparsing        : /Users/keertihegde/POC Projects/Karl/uilib/src/stories/RadioButton/radio-button-group.component.ts[39m
[10:36:14] [36mfound          : RadioButtonItem[39m
[10:36:14] [36mfound          : RadioGroupOrientation[39m
[10:36:14] [36mfound          : RadioButtonGroupComponent[39m
[10:36:14] [36m               : - imports:[39m
[10:36:14] [36m               : 	- CommonModule[39m
[10:36:14] [36m               : 	- RadioButtonComponent[39m
[10:36:14] [32mparsing        : /Users/keertihegde/POC Projects/Karl/uilib/src/stories/RadioButton/radio-button-group.stories.ts[39m
[10:36:14] [36mfound          : defaultItems[39m
[10:36:14] [36mfound          : itemsWithDisabled[39m
[10:36:14] [36mfound          : meta[39m
[10:36:14] [36mfound          : Story[39m
[10:36:14] [36mfound          : Default[39m
[10:36:14] [36mfound          : WithPreselectedValue[39m
[10:36:14] [36mfound          : WithDescription[39m
[10:36:14] [36mfound          : Vertical[39m
[10:36:14] [36mfound          : Horizontal[39m
[10:36:14] [36mfound          : HorizontalNextRow[39m
[10:36:14] [36mfound          : WithDisabledItems[39m
[10:36:14] [36mfound          : AllDisabled[39m
[10:36:14] [36mfound          : SizeSmall[39m
[10:36:14] [36mfound          : SizeMedium[39m
[10:36:14] [36mfound          : SizeLarge[39m
[10:36:14] [32mparsing        : /Users/keertihegde/POC Projects/Karl/uilib/src/stories/RadioButton/radio-button.component.ts[39m
[10:36:14] [36mfound          : RadioButtonSize[39m
[10:36:14] [36mfound          : RadioButtonComponent[39m
[10:36:14] [36m               : - imports:[39m
[10:36:14] [36m               : 	- CommonModule[39m
[10:36:14] [32mparsing        : /Users/keertihegde/POC Projects/Karl/uilib/src/stories/RadioButton/radio-button.stories.ts[39m
[10:36:14] [36mfound          : meta[39m
[10:36:14] [36mfound          : Story[39m
[10:36:14] [36mfound          : Default[39m
[10:36:14] [36mfound          : Selected[39m
[10:36:14] [36mfound          : Disabled[39m
[10:36:14] [36mfound          : DisabledSelected[39m
[10:36:14] [36mfound          : SizeSmall[39m
[10:36:14] [36mfound          : SizeMedium[39m
[10:36:14] [36mfound          : SizeLarge[39m
[10:36:14] [36mfound          : AllSizes[39m
[10:36:14] [36mfound          : AllStates[39m
[10:36:14] [32mparsing        : /Users/keertihegde/POC Projects/Karl/uilib/src/stories/SegmentedControl/segmented-control-item.component.ts[39m
[10:36:14] [36mfound          : SegmentSize[39m
[10:36:14] [36mfound          : SegmentState[39m
[10:36:14] [36mfound          : SegmentedControlItemComponent[39m
[10:36:14] [36m               : - imports:[39m
[10:36:14] [36m               : 	- CommonModule[39m
[10:36:14] [36m               : 	- IconComponent[39m
[10:36:14] [32mparsing        : /Users/keertihegde/POC Projects/Karl/uilib/src/stories/SegmentedControl/segmented-control.component.ts[39m
[10:36:14] [36mfound          : SegmentItem[39m
[10:36:14] [36mfound          : SegmentedControlComponent[39m
[10:36:14] [36m               : - imports:[39m
[10:36:14] [36m               : 	- CommonModule[39m
[10:36:14] [36m               : 	- SegmentedControlItemComponent[39m
[10:36:14] [32mparsing        : /Users/keertihegde/POC Projects/Karl/uilib/src/stories/SegmentedControl/segmented-control.stories.ts[39m
[10:36:14] [36mfound          : meta[39m
[10:36:14] [36mfound          : Story[39m
[10:36:14] [36mfound          : Default[39m
[10:36:14] [36mfound          : SizeS[39m
[10:36:14] [36mfound          : SizeM[39m
[10:36:14] [36mfound          : SizeL[39m
[10:36:14] [36mfound          : FiveItems[39m
[10:36:14] [36mfound          : WithIcons[39m
[10:36:14] [36mfound          : AllDisabled[39m
[10:36:14] [36mfound          : PartiallyDisabled[39m
[10:36:14] [36mfound          : itemMeta[39m
[10:36:14] [36mfound          : ItemDefault[39m
[10:36:14] [36mfound          : ItemHover[39m
[10:36:14] [36mfound          : ItemSelected[39m
[10:36:14] [36mfound          : ItemDisabled[39m
[10:36:14] [36mfound          : ItemDisabledSelected[39m
[10:36:14] [36mfound          : ItemWithIcon[39m
[10:36:14] [32mparsing        : /Users/keertihegde/POC Projects/Karl/uilib/src/stories/SideNavBar/side-nav-bar.component.ts[39m
[10:36:14] [36mfound          : SideNavBarStyle[39m
[10:36:14] [36mfound          : TreeNavItem[39m
[10:36:14] [36mfound          : DEFAULT_BACK_BUTTON_NAV_ITEMS[39m
[10:36:14] [36mfound          : DEFAULT_HEADER_NAV_ITEMS[39m
[10:36:14] [36mfound          : SideNavBarComponent[39m
[10:36:14] [36m               : - imports:[39m
[10:36:14] [36m               : 	- CommonModule[39m
[10:36:14] [36m               : 	- MatIconModule[39m
[10:36:14] [32mparsing        : /Users/keertihegde/POC Projects/Karl/uilib/src/stories/SideNavBar/side-nav-bar.stories.ts[39m
[10:36:14] [36mfound          : backButtonNavItems[39m
[10:36:14] [36mfound          : headerNavItems[39m
[10:36:14] [36mfound          : meta[39m
[10:36:14] [36mfound          : Story[39m
[10:36:14] [36mfound          : WithBackButton[39m
[10:36:14] [36mfound          : WithHeader[39m
[10:36:14] [32mparsing        : /Users/keertihegde/POC Projects/Karl/uilib/src/stories/Toggle/toggle.component.ts[39m
[10:36:14] [36mfound          : ToggleSize[39m
[10:36:14] [36mfound          : ToggleComponent[39m
[10:36:14] [36m               : - imports:[39m
[10:36:14] [36m               : 	- CommonModule[39m
[10:36:14] [32mparsing        : /Users/keertihegde/POC Projects/Karl/uilib/src/stories/Toggle/toggle.stories.ts[39m
[10:36:14] [36mfound          : meta[39m
[10:36:14] [36mfound          : Story[39m
[10:36:14] [36mfound          : Default[39m
[10:36:14] [36mfound          : On[39m
[10:36:14] [36mfound          : Disabled[39m
[10:36:14] [36mfound          : DisabledOn[39m
[10:36:14] [36mfound          : SizeSmall[39m
[10:36:14] [36mfound          : SizeSmallOn[39m
[10:36:14] [36mfound          : SizeMedium[39m
[10:36:14] [36mfound          : SizeMediumOn[39m
[10:36:14] [36mfound          : SizeLarge[39m
[10:36:14] [36mfound          : SizeLargeOn[39m
[10:36:14] [36mfound          : NoLabel[39m
[10:36:14] [32mparsing        : /Users/keertihegde/POC Projects/Karl/uilib/src/stories/TreeView/tree-view-item.component.ts[39m
[10:36:14] [36mfound          : TreeViewItemState[39m
[10:36:14] [36mfound          : TreeViewType[39m
[10:36:14] [36mfound          : TreeViewLevel[39m
[10:36:14] [36mfound          : TreeViewItemComponent[39m
[10:36:14] [36m               : - imports:[39m
[10:36:14] [36m               : 	- CommonModule[39m
[10:36:14] [36m               : 	- IconComponent[39m
[10:36:14] [32mparsing        : /Users/keertihegde/POC Projects/Karl/uilib/src/stories/TreeView/tree-view-item.stories.ts[39m
[10:36:14] [36mfound          : meta[39m
[10:36:14] [36mfound          : Story[39m
[10:36:14] [36mfound          : Default[39m
[10:36:14] [36mfound          : Level1Collapsed[39m
[10:36:14] [36mfound          : Level1Expanded[39m
[10:36:14] [36mfound          : Level2[39m
[10:36:14] [36mfound          : Level3[39m
[10:36:14] [36mfound          : Level4[39m
[10:36:14] [36mfound          : Hover[39m
[10:36:14] [36mfound          : Selected[39m
[10:36:14] [36mfound          : Disabled[39m
[10:36:14] [36mfound          : LocalType[39m
[10:36:14] [36mfound          : LocalHover[39m
[10:36:14] [36mfound          : LocalSelected[39m
[10:36:14] [36mfound          : AllGlobalStates[39m
[10:36:14] [36mfound          : AllLocalStates[39m
[10:36:14] [36mfound          : AllLevels[39m
[10:36:14] [32mparsing        : /Users/keertihegde/POC Projects/Karl/uilib/src/stories/TreeView/tree-view.component.ts[39m
[10:36:14] [36mfound          : TreeViewNode[39m
[10:36:14] [36mfound          : TreeViewFlatNode[39m
[10:36:14] [36mfound          : DEFAULT_NODES[39m
[10:36:14] [36mfound          : TreeViewComponent[39m
[10:36:14] [36m               : - imports:[39m
[10:36:14] [36m               : 	- CommonModule[39m
[10:36:14] [36m               : 	- MatTreeModule[39m
[10:36:14] [36m               : 	- TreeViewItemComponent[39m
[10:36:14] [32mparsing        : /Users/keertihegde/POC Projects/Karl/uilib/src/stories/TreeView/tree-view.stories.ts[39m
[10:36:14] [36mfound          : oneLevelNodes[39m
[10:36:14] [36mfound          : twoLevelNodes[39m
[10:36:14] [36mfound          : threeLevelNodes[39m
[10:36:14] [36mfound          : fourLevelNodes[39m
[10:36:14] [36mfound          : realWorldNodes[39m
[10:36:14] [36mfound          : meta[39m
[10:36:14] [36mfound          : Story[39m
[10:36:14] [36mfound          : OneLevel[39m
[10:36:14] [36mfound          : TwoLevels[39m
[10:36:14] [36mfound          : ThreeLevels[39m
[10:36:14] [36mfound          : FourLevels[39m
[10:36:14] [36mfound          : LocalType[39m
[10:36:14] [36mfound          : GlobalVsLocal[39m
[10:36:14] [36mfound          : RealWorldData[39m
[10:36:14] [36mfound          : WithDisabledNodes[39m
[10:36:14] [32mparsing        : /Users/keertihegde/POC Projects/Karl/uilib/src/stories/icon/icon.component.ts[39m
[10:36:14] [36mfound          : IconComponent[39m
[10:36:14] [36m               : - imports:[39m
[10:36:14] [36m               : 	- CommonModule[39m
[10:36:14] [32mparsing        : /Users/keertihegde/POC Projects/Karl/uilib/src/stories/icon/icon.stories.ts[39m
[10:36:14] [36mfound          : meta[39m
[10:36:14] [36mfound          : Story[39m
[10:36:14] [36mfound          : Default[39m
[10:36:14] [32m-------------------[39m
[10:36:14] [32mProject statistics [39m
[10:36:14] [32m- component    : 40[39m
[10:36:14] [32m- interface    : 21[39m
[10:36:14] [32m- type aliases : 80[39m
[10:36:14] [32m-------------------[39m
[10:36:14] [32mPrepare components[39m
[10:36:14] [32m ActionbarComponent has styleUrls, include them[39m
[10:36:14] [32m AlertComponent has styleUrls, include them[39m
[10:36:14] [32m AppComponent has a templateUrl, include it[39m
[10:36:14] [32m AvatarComponent has styleUrls, include them[39m
[10:36:14] [32m AvatarGroupComponent has styleUrls, include them[39m
[10:36:14] [32m BadgeComponent has styleUrls, include them[39m
[10:36:14] [32m BadgeIndicatorComponent has styleUrls, include them[39m
[10:36:14] [32m BannerComponent has styleUrls, include them[39m
[10:36:14] [32m BreadcrumbComponent has styleUrls, include them[39m
[10:36:14] [32m ButtonComponent has styleUrls, include them[39m
[10:36:14] [32m CheckboxComponent has styleUrls, include them[39m
[10:36:14] [32m CheckboxGroupComponent has styleUrls, include them[39m
[10:36:14] [32m ColumnManagerComponent has styleUrls, include them[39m
[10:36:14] [32m ComboboxComponent has styleUrls, include them[39m
[10:36:14] [32m ContentLoaderDotsComponent has styleUrls, include them[39m
[10:36:14] [32m DatePickerComponent has styleUrls, include them[39m
[10:36:14] [32m DateRangePickerComponent has styleUrls, include them[39m
[10:36:14] [32m DescriptionItemComponent has styleUrls, include them[39m
[10:36:14] [32m DescriptionListComponent has styleUrls, include them[39m
[10:36:14] [32m DialogueBoxComponent has styleUrls, include them[39m
[10:36:14] [32m FooterComponent has styleUrls, include them[39m
[10:36:14] [32m HeaderComponent has styleUrls, include them[39m
[10:36:14] [32m IconComponent has styleUrls, include them[39m
[10:36:14] [32m InlineLoaderComponent has styleUrls, include them[39m
[10:36:14] [32m InlineLoaderWithTextComponent has styleUrls, include them[39m
[10:36:14] [32m ModalComponent has styleUrls, include them[39m
[10:36:14] [32m MonthPickerComponent has styleUrls, include them[39m
[10:36:14] [32m NavBarComponent has styleUrls, include them[39m
[10:36:14] [32m NumericStepperComponent has styleUrls, include them[39m
[10:36:14] [32m OverlayComponent has styleUrls, include them[39m
[10:36:14] [32m PageLoaderComponent has styleUrls, include them[39m
[10:36:14] [32m ProgressStepperComponent has styleUrls, include them[39m
[10:36:14] [32m RadioButtonComponent has styleUrls, include them[39m
[10:36:14] [32m RadioButtonGroupComponent has styleUrls, include them[39m
[10:36:14] [32m SegmentedControlComponent has styleUrls, include them[39m
[10:36:14] [32m SegmentedControlItemComponent has styleUrls, include them[39m
[10:36:14] [32m SideNavBarComponent has styleUrls, include them[39m
[10:36:14] [32m ToggleComponent has styleUrls, include them[39m
[10:36:14] [32m TreeViewComponent has styleUrls, include them[39m
[10:36:14] [32m TreeViewItemComponent has styleUrls, include them[39m
[10:36:14] [32mPrepare modules[39m
[10:36:14] [32mProcess routes[39m
[10:36:14] [32mPrepare interfaces[39m
[10:36:14] [32mPrepare miscellaneous[39m
[10:36:14] [32mProcess documentation coverage report[39m
[10:36:14] [32mGenerating documentation in export format json[39m
[10:36:14] [32mDocumentation generated in ./ in 0.35 seconds[39m
info => Cleaning outputDir: [36m../../../../../var/folders/lp/h6kz9xd17jnglqt4blvlj59h0000gn/T/chromatic--76599-RaPOxeY0fUxT[39m

info => Loading presets
info => Building manager..
info => Manager built ([38;2;181;126;229m86 ms[39m)
info => Building preview..
info Addon-docs: using MDX3
info => Using implicit CSS loaders
info => Using angular browser target options from "storybook-apptium:build"
info => Using angular project with "tsConfig:/Users/keertihegde/POC Projects/Karl/uilib/tsconfig.json"
info => Using default Webpack5 setup
WARN /Users/keertihegde/POC Projects/Karl/uilib/.storybook/main.ts is part of the TypeScript compilation but it's unused.
WARN Add only entry points to the 'files' or 'include' properties in your tsconfig.
WARN /Users/keertihegde/POC Projects/Karl/uilib/.storybook/manager.ts is part of the TypeScript compilation but it's unused.
WARN Add only entry points to the 'files' or 'include' properties in your tsconfig.
WARN /Users/keertihegde/POC Projects/Karl/uilib/src/app/app.component.spec.ts is part of the TypeScript compilation but it's unused.
WARN Add only entry points to the 'files' or 'include' properties in your tsconfig.
WARN /Users/keertihegde/POC Projects/Karl/uilib/src/app/app.component.ts is part of the TypeScript compilation but it's unused.
WARN Add only entry points to the 'files' or 'include' properties in your tsconfig.
WARN /Users/keertihegde/POC Projects/Karl/uilib/src/app/app.config.server.ts is part of the TypeScript compilation but it's unused.
WARN Add only entry points to the 'files' or 'include' properties in your tsconfig.
WARN /Users/keertihegde/POC Projects/Karl/uilib/src/app/app.config.ts is part of the TypeScript compilation but it's unused.
WARN Add only entry points to the 'files' or 'include' properties in your tsconfig.
WARN /Users/keertihegde/POC Projects/Karl/uilib/src/main.server.ts is part of the TypeScript compilation but it's unused.
WARN Add only entry points to the 'files' or 'include' properties in your tsconfig.
WARN /Users/keertihegde/POC Projects/Karl/uilib/src/main.ts is part of the TypeScript compilation but it's unused.
WARN Add only entry points to the 'files' or 'include' properties in your tsconfig.
WARN /Users/keertihegde/POC Projects/Karl/uilib/src/stories/user.ts is part of the TypeScript compilation but it's unused.
WARN Add only entry points to the 'files' or 'include' properties in your tsconfig.
WARN asset size limit: The following asset(s) exceed the recommended size limit (244 KiB).
WARN This can impact web performance.
WARN Assets: 
WARN   9712.36a83fd2.iframe.bundle.js (2.26 MiB)
WARN   134.5ad11b85.iframe.bundle.js (1.38 MiB)
WARN entrypoint size limit: The following entrypoint(s) combined asset size exceeds the recommended limit (244 KiB). This can impact web performance.
WARN Entrypoints:
WARN   main (2.36 MiB)
WARN       runtime~main.6f468e6f.iframe.bundle.js
WARN       9712.36a83fd2.iframe.bundle.js
WARN       main.13b22f4d2e0658df27d6.css
WARN       main.344718b7.iframe.bundle.js
WARN 
info => Preview built ([38;2;181;126;229m16 s[39m)
info => Output directory: /var/folders/lp/h6kz9xd17jnglqt4blvlj59h0000gn/T/chromatic--76599-RaPOxeY0fUxT
