npm error code ERESOLVE
npm error ERESOLVE unable to resolve dependency tree
npm error
npm error While resolving: storybook-apptium@0.0.0
npm error Found: storybook@8.6.18
npm error node_modules/storybook
npm error   dev storybook@"^8.6.12" from the root project
npm error
npm error Could not resolve dependency:
npm error peer storybook@"^10.3.4" from @storybook/addon-vitest@10.3.4
npm error node_modules/@storybook/addon-vitest
npm error   dev @storybook/addon-vitest@"^10.3.4" from the root project
npm error
npm error Fix the upstream dependency conflict, or retry
npm error this command with --force or --legacy-peer-deps
npm error to accept an incorrect (and potentially broken) dependency resolution.
npm error
npm error
npm error For a full report see:
npm error /Users/keertihegde/.npm/_logs/2026-04-05T15_01_02_720Z-eresolve-report.txt
npm error A complete log of this run can be found in: /Users/keertihegde/.npm/_logs/2026-04-05T15_01_02_720Z-debug-0.log
